1579339863397	mozrunner::runner	INFO	Running command: "/usr/bin/firefox" "-marionette" "-foreground" "-no-remote" "-profile" "/tmp/rust_mozprofileqa92lo"
1579339864733	addons.webextension.screenshots@mozilla.org	WARN	Loading extension 'screenshots@mozilla.org': Reading manifest: Invalid host permission: resource://pdf.js/
1579339864734	addons.webextension.screenshots@mozilla.org	WARN	Loading extension 'screenshots@mozilla.org': Reading manifest: Invalid host permission: about:reader*

(firefox:6000): Gtk-WARNING **: 10:31:05.623: Theme parsing error: <data>:1:34: Expected ')' in color definition

(firefox:6000): Gtk-WARNING **: 10:31:05.624: Theme parsing error: <data>:1:77: Expected ')' in color definition
1579339870538	Marionette	INFO	Listening on port 44383
1579339870570	Marionette	WARN	TLS certificate errors will be ignored for this session
console.error: BroadcastService: 
  receivedBroadcastMessage: handler for
  remote-settings/monitor_changes
  threw error:
  Message: Error: Polling for changes failed: NetworkError when attempting to fetch resource..
  Stack:
    remoteSettingsFunction/remoteSettings.pollChanges@resource://services-settings/remote-settings.js:188:13

[Parent 6000, Gecko_IOThread] WARNING: pipe error (98): Połączenie zerwane przez drugą stronę: file /build/firefox-HN7tk_/firefox-65.0+build2/ipc/chromium/src/chrome/common/ipc_channel_posix.cc, line 349
[Parent 6000, Gecko_IOThread] WARNING: pipe error (77): Połączenie zerwane przez drugą stronę: file /build/firefox-HN7tk_/firefox-65.0+build2/ipc/chromium/src/chrome/common/ipc_channel_posix.cc, line 349
1579342956239	Marionette	INFO	Stopped listening on port 44383
1579352475656	mozrunner::runner	INFO	Running command: "/usr/bin/firefox" "-marionette" "-foreground" "-no-remote" "-profile" "/tmp/rust_mozprofileFsofYT"
1579352477482	addons.webextension.screenshots@mozilla.org	WARN	Loading extension 'screenshots@mozilla.org': Reading manifest: Invalid host permission: resource://pdf.js/
1579352477482	addons.webextension.screenshots@mozilla.org	WARN	Loading extension 'screenshots@mozilla.org': Reading manifest: Invalid host permission: about:reader*

(firefox:21414): Gtk-WARNING **: 14:01:18.366: Theme parsing error: <data>:1:34: Expected ')' in color definition

(firefox:21414): Gtk-WARNING **: 14:01:18.369: Theme parsing error: <data>:1:77: Expected ')' in color definition
1579352484248	Marionette	INFO	Listening on port 34693
1579352484356	Marionette	WARN	TLS certificate errors will be ignored for this session

(/usr/lib/firefox/firefox:21620): dconf-WARNING **: 14:01:33.838: Unable to open /var/lib/snapd/desktop/dconf/profile/user: Brak dostępu
1579352513162	Marionette	INFO	Stopped listening on port 34693
1579354060170	mozrunner::runner	INFO	Running command: "/usr/bin/firefox" "-marionette" "-foreground" "-no-remote" "-profile" "/tmp/rust_mozprofileufxeIZ"
1579354062414	addons.webextension.screenshots@mozilla.org	WARN	Loading extension 'screenshots@mozilla.org': Reading manifest: Invalid host permission: resource://pdf.js/
1579354062415	addons.webextension.screenshots@mozilla.org	WARN	Loading extension 'screenshots@mozilla.org': Reading manifest: Invalid host permission: about:reader*

(firefox:23757): Gtk-WARNING **: 14:27:43.497: Theme parsing error: <data>:1:34: Expected ')' in color definition

(firefox:23757): Gtk-WARNING **: 14:27:43.498: Theme parsing error: <data>:1:77: Expected ')' in color definition
1579354067415	Marionette	INFO	Listening on port 34539
1579354067653	Marionette	WARN	TLS certificate errors will be ignored for this session

(/usr/lib/firefox/firefox:23944): dconf-WARNING **: 14:27:57.566: Unable to open /var/lib/snapd/desktop/dconf/profile/user: Brak dostępu
console.error: BroadcastService: 
  receivedBroadcastMessage: handler for
  remote-settings/monitor_changes
  threw error:
  Message: Error: Polling for changes failed: NetworkError when attempting to fetch resource..
  Stack:
    remoteSettingsFunction/remoteSettings.pollChanges@resource://services-settings/remote-settings.js:188:13

1579354093872	Marionette	INFO	Stopped listening on port 34539
[Parent 23757, Gecko_IOThread] WARNING: pipe error (94): Połączenie zerwane przez drugą stronę: file /build/firefox-HN7tk_/firefox-65.0+build2/ipc/chromium/src/chrome/common/ipc_channel_posix.cc, line 349
1579354159210	mozrunner::runner	INFO	Running command: "/usr/bin/firefox" "-marionette" "-foreground" "-no-remote" "-profile" "/tmp/rust_mozprofilesNZMlp"
1579354160451	addons.webextension.screenshots@mozilla.org	WARN	Loading extension 'screenshots@mozilla.org': Reading manifest: Invalid host permission: resource://pdf.js/
1579354160451	addons.webextension.screenshots@mozilla.org	WARN	Loading extension 'screenshots@mozilla.org': Reading manifest: Invalid host permission: about:reader*

(firefox:24088): Gtk-WARNING **: 14:29:21.233: Theme parsing error: <data>:1:34: Expected ')' in color definition

(firefox:24088): Gtk-WARNING **: 14:29:21.234: Theme parsing error: <data>:1:77: Expected ')' in color definition
1579354165050	Marionette	INFO	Listening on port 36005
1579354165427	Marionette	WARN	TLS certificate errors will be ignored for this session

(/usr/lib/firefox/firefox:24202): dconf-WARNING **: 14:29:35.837: Unable to open /var/lib/snapd/desktop/dconf/profile/user: Brak dostępu
1579354195428	Marionette	INFO	Stopped listening on port 36005
1579354378053	mozrunner::runner	INFO	Running command: "/usr/bin/firefox" "-marionette" "-foreground" "-no-remote" "-profile" "/tmp/rust_mozprofilerXavt8"
1579354379286	addons.webextension.screenshots@mozilla.org	WARN	Loading extension 'screenshots@mozilla.org': Reading manifest: Invalid host permission: resource://pdf.js/
1579354379287	addons.webextension.screenshots@mozilla.org	WARN	Loading extension 'screenshots@mozilla.org': Reading manifest: Invalid host permission: about:reader*

(firefox:24457): Gtk-WARNING **: 14:33:00.074: Theme parsing error: <data>:1:34: Expected ')' in color definition

(firefox:24457): Gtk-WARNING **: 14:33:00.076: Theme parsing error: <data>:1:77: Expected ')' in color definition
1579354384138	Marionette	INFO	Listening on port 38503
1579354384402	Marionette	WARN	TLS certificate errors will be ignored for this session

(/usr/lib/firefox/firefox:24623): dconf-WARNING **: 14:33:13.847: Unable to open /var/lib/snapd/desktop/dconf/profile/user: Brak dostępu
1579354414181	Marionette	INFO	Stopped listening on port 38503
1579354484429	mozrunner::runner	INFO	Running command: "/usr/bin/firefox" "-marionette" "-foreground" "-no-remote" "-profile" "/tmp/rust_mozprofileyzMEwd"
1579354485786	addons.webextension.screenshots@mozilla.org	WARN	Loading extension 'screenshots@mozilla.org': Reading manifest: Invalid host permission: resource://pdf.js/
1579354485788	addons.webextension.screenshots@mozilla.org	WARN	Loading extension 'screenshots@mozilla.org': Reading manifest: Invalid host permission: about:reader*

(firefox:24789): Gtk-WARNING **: 14:34:46.700: Theme parsing error: <data>:1:34: Expected ')' in color definition

(firefox:24789): Gtk-WARNING **: 14:34:46.700: Theme parsing error: <data>:1:77: Expected ')' in color definition
1579354490621	Marionette	INFO	Listening on port 41479
1579354490885	Marionette	WARN	TLS certificate errors will be ignored for this session

(/usr/lib/firefox/firefox:24900): dconf-WARNING **: 14:34:59.646: Unable to open /var/lib/snapd/desktop/dconf/profile/user: Brak dostępu
1579354517068	Marionette	INFO	Stopped listening on port 41479
1579354519831	mozrunner::runner	INFO	Running command: "/usr/bin/firefox" "-marionette" "-foreground" "-no-remote" "-profile" "/tmp/rust_mozprofilev7sET4"
1579354521094	addons.webextension.screenshots@mozilla.org	WARN	Loading extension 'screenshots@mozilla.org': Reading manifest: Invalid host permission: resource://pdf.js/
1579354521094	addons.webextension.screenshots@mozilla.org	WARN	Loading extension 'screenshots@mozilla.org': Reading manifest: Invalid host permission: about:reader*

(firefox:25026): Gtk-WARNING **: 14:35:21.910: Theme parsing error: <data>:1:34: Expected ')' in color definition

(firefox:25026): Gtk-WARNING **: 14:35:21.910: Theme parsing error: <data>:1:77: Expected ')' in color definition
1579354525795	Marionette	INFO	Listening on port 44227
1579354525954	Marionette	WARN	TLS certificate errors will be ignored for this session
1579354533072	Marionette	INFO	Stopped listening on port 44227
1579354685471	mozrunner::runner	INFO	Running command: "/usr/bin/firefox" "-marionette" "-foreground" "-no-remote" "-profile" "/tmp/rust_mozprofile6t3RyL"
1579354686774	addons.webextension.screenshots@mozilla.org	WARN	Loading extension 'screenshots@mozilla.org': Reading manifest: Invalid host permission: resource://pdf.js/
1579354686775	addons.webextension.screenshots@mozilla.org	WARN	Loading extension 'screenshots@mozilla.org': Reading manifest: Invalid host permission: about:reader*

(firefox:25273): Gtk-WARNING **: 14:38:07.734: Theme parsing error: <data>:1:34: Expected ')' in color definition

(firefox:25273): Gtk-WARNING **: 14:38:07.734: Theme parsing error: <data>:1:77: Expected ')' in color definition
1579354692230	Marionette	INFO	Listening on port 39383
1579354692261	Marionette	WARN	TLS certificate errors will be ignored for this session

(/usr/lib/firefox/firefox:25426): dconf-WARNING **: 14:38:21.287: Unable to open /var/lib/snapd/desktop/dconf/profile/user: Brak dostępu
1579354718671	Marionette	INFO	Stopped listening on port 39383
[Parent 25273, Gecko_IOThread] WARNING: pipe error (85): Połączenie zerwane przez drugą stronę: file /build/firefox-HN7tk_/firefox-65.0+build2/ipc/chromium/src/chrome/common/ipc_channel_posix.cc, line 349
1579354721168	mozrunner::runner	INFO	Running command: "/usr/bin/firefox" "-marionette" "-foreground" "-no-remote" "-profile" "/tmp/rust_mozprofile5laRyK"
1579354722356	addons.webextension.screenshots@mozilla.org	WARN	Loading extension 'screenshots@mozilla.org': Reading manifest: Invalid host permission: resource://pdf.js/
1579354722357	addons.webextension.screenshots@mozilla.org	WARN	Loading extension 'screenshots@mozilla.org': Reading manifest: Invalid host permission: about:reader*

(firefox:25548): Gtk-WARNING **: 14:38:43.138: Theme parsing error: <data>:1:34: Expected ')' in color definition

(firefox:25548): Gtk-WARNING **: 14:38:43.138: Theme parsing error: <data>:1:77: Expected ')' in color definition
1579354727040	Marionette	INFO	Listening on port 34399
1579354727160	Marionette	WARN	TLS certificate errors will be ignored for this session
1579354731344	Marionette	INFO	Stopped listening on port 34399
